2021-12-31 11:25:37,684:INFO:PyCaret Supervised Module
2021-12-31 11:25:37,684:INFO:ML Usecase: classification
2021-12-31 11:25:37,684:INFO:version 2.3.5
2021-12-31 11:25:37,685:INFO:Initializing setup()
2021-12-31 11:25:37,686:INFO:setup(target=StillCustomer, ml_usecase=classification, available_plots={'parameter': 'Hyperparameters', 'auc': 'AUC', 'confusion_matrix': 'Confusion Matrix', 'threshold': 'Threshold', 'pr': 'Precision Recall', 'error': 'Prediction Error', 'class_report': 'Class Report', 'rfe': 'Feature Selection', 'learning': 'Learning Curve', 'manifold': 'Manifold Learning', 'calibration': 'Calibration Curve', 'vc': 'Validation Curve', 'dimension': 'Dimensions', 'feature': 'Feature Importance', 'feature_all': 'Feature Importance (All)', 'boundary': 'Decision Boundary', 'lift': 'Lift Chart', 'gain': 'Gain Chart', 'tree': 'Decision Tree', 'ks': 'KS Statistic Plot'}, train_size=0.95, test_data=None, preprocess=True, imputation_type=simple, iterative_imputation_iters=5, categorical_features=None, categorical_imputation=constant, categorical_iterative_imputer=lightgbm, ordinal_features=None, high_cardinality_features=None, high_cardinality_method=frequency, numeric_features=('Accident/Health_(P)_Duration', 'Accident/Health_(P)_Amount', 'Builders_Risk_(P)_Duration', 'Builders_Risk_(P)_Amount', 'Dwelling_Fire_Duration', 'Dwelling_Fire_Amount', 'Earthquake_(P)_Duration', 'Earthquake_(P)_Amount', 'Flood_Duration', 'Flood_Amount', 'Homeowners_Duration', 'Homeowners_Amount', 'Life_(P)_Duration', 'Life_(P)_Amount', 'Motorcycle_Duration', 'Motorcycle_Amount', 'Private_Passenger_Auto_Duration', 'Private_Passenger_Auto_Amount', 'Umbrella_(P)_Duration', 'Umbrella_(P)_Amount'), numeric_imputation=mean, numeric_iterative_imputer=lightgbm, date_features=None, ignore_features=['Customer_ID', 'BecameCust'], normalize=False, normalize_method=zscore, transformation=True, transformation_method=yeo-johnson, handle_unknown_categorical=True, unknown_categorical_method=least_frequent, pca=False, pca_method=linear, pca_components=None, ignore_low_variance=False, combine_rare_levels=False, rare_level_threshold=0.1, bin_numeric_features=['DurationAsCust'], remove_outliers=False, outliers_threshold=0.05, remove_multicollinearity=False, multicollinearity_threshold=0.9, remove_perfect_collinearity=True, create_clusters=False, cluster_iter=20, polynomial_features=False, polynomial_degree=2, trigonometry_features=False, polynomial_threshold=0.1, group_features=None, group_names=None, feature_selection=False, feature_selection_threshold=0.8, feature_selection_method=classic, feature_interaction=False, feature_ratio=False, interaction_threshold=0.01, fix_imbalance=False, fix_imbalance_method=None, transform_target=False, transform_target_method=box-cox, data_split_shuffle=True, data_split_stratify=False, fold_strategy=stratifiedkfold, fold=10, fold_shuffle=False, fold_groups=None, n_jobs=-1, use_gpu=False, custom_pipeline=None, html=True, session_id=786, log_experiment=False, experiment_name=None, log_plots=False, log_profile=False, log_data=False, silent=True, verbose=True, profile=False, profile_kwargs=None, display=None)
2021-12-31 11:25:37,686:INFO:Checking environment
2021-12-31 11:25:37,686:INFO:python_version: 3.9.9
2021-12-31 11:25:37,686:INFO:python_build: ('main', 'Nov 20 2021 21:30:06')
2021-12-31 11:25:37,686:INFO:machine: x86_64
2021-12-31 11:25:37,686:INFO:platform: Linux-5.15.6-arch2-1-x86_64-with-glibc2.33
2021-12-31 11:25:37,686:WARNING:cannot find psutil installation. memory not traceable. Install psutil using pip to enable memory logging.
2021-12-31 11:25:37,686:INFO:Checking libraries
2021-12-31 11:25:37,686:INFO:pd==1.3.5
2021-12-31 11:25:37,686:INFO:numpy==1.20.1
2021-12-31 11:25:37,686:INFO:sklearn==0.23.2
2021-12-31 11:25:37,686:INFO:lightgbm==3.3.1
2021-12-31 11:25:37,687:WARNING:catboost not found
2021-12-31 11:25:37,687:WARNING:xgboost not found
2021-12-31 11:25:37,909:INFO:mlflow==1.22.0
2021-12-31 11:25:37,909:INFO:Checking Exceptions
2021-12-31 11:25:37,909:INFO:Declaring global variables
2021-12-31 11:25:37,909:INFO:USI: a84c
2021-12-31 11:25:37,909:INFO:pycaret_globals: {'fold_groups_param', 'seed', 'display_container', 'html_param', 'imputation_regressor', 'fold_groups_param_full', '_all_models', 'exp_name_log', 'fix_imbalance_method_param', 'data_before_preprocess', '_available_plots', 'X', 'pycaret_globals', '_gpu_n_jobs_param', 'experiment__', 'USI', 'gpu_param', 'y', 'fold_shuffle_param', 'imputation_classifier', 'fold_generator', '_all_models_internal', '_ml_usecase', 'prep_pipe', 'transform_target_method_param', 'y_train', 'transform_target_param', 'X_test', 'master_model_container', 'target_param', 'fix_imbalance_param', 'iterative_imputation_iters_param', 'create_model_container', 'X_train', 'log_plots_param', 'fold_param', 'stratify_param', 'y_test', 'n_jobs_param', '_internal_pipeline', '_all_metrics', 'logging_param'}
2021-12-31 11:25:37,909:INFO:Preparing display monitor
2021-12-31 11:25:37,909:INFO:Preparing display monitor
2021-12-31 11:25:37,919:INFO:Importing libraries
2021-12-31 11:25:37,919:INFO:Copying data for preprocessing
2021-12-31 11:25:37,926:INFO:Declaring preprocessing parameters
2021-12-31 11:25:37,928:INFO:Creating preprocessing pipeline
2021-12-31 11:25:37,932:INFO:Preprocessing pipeline created successfully
2021-12-31 11:25:37,932:ERROR:(Process Exit): setup has been interupted with user command 'quit'. setup must rerun.
2021-12-31 11:25:37,932:INFO:Creating global containers
2021-12-31 11:25:37,934:INFO:Internal pipeline: Pipeline(memory=None, steps=[('empty_step', 'passthrough')], verbose=False)
2021-12-31 11:25:38,351:WARNING:Couldn't import xgboost.XGBClassifier
2021-12-31 11:25:38,352:WARNING:Couldn't import catboost.CatBoostClassifier
2021-12-31 11:25:38,417:WARNING:Couldn't import xgboost.XGBClassifier
2021-12-31 11:25:38,418:WARNING:Couldn't import catboost.CatBoostClassifier
2021-12-31 11:25:38,418:INFO:Creating grid variables
2021-12-31 11:25:38,428:INFO:create_model_container: 0
2021-12-31 11:25:38,428:INFO:master_model_container: 0
2021-12-31 11:25:38,429:INFO:display_container: 1
2021-12-31 11:25:38,434:INFO:Pipeline(memory=None,
         steps=[('dtypes',
                 DataTypes_Auto_infer(categorical_features=[],
                                      display_types=False,
                                      features_todrop=['Customer_ID',
                                                       'BecameCust'],
                                      id_columns=[],
                                      ml_usecase='classification',
                                      numerical_features=['Accident/Health_(P)_Duration',
                                                          'Accident/Health_(P)_Amount',
                                                          'Builders_Risk_(P)_Duration',
                                                          'Builders_Risk_(P)_Amount',
                                                          'Dwelling_Fire_Duration'...
                ('binn', Binning(features_to_discretize=['DurationAsCust'])),
                ('rem_outliers', 'passthrough'), ('cluster_all', 'passthrough'),
                ('dummy', Dummify(target='StillCustomer')),
                ('fix_perfect', Remove_100(target='StillCustomer')),
                ('clean_names', Clean_Colum_Names()),
                ('feature_select', 'passthrough'), ('fix_multi', 'passthrough'),
                ('dfs', 'passthrough'), ('pca', 'passthrough')],
         verbose=False)
2021-12-31 11:25:38,434:INFO:setup() succesfully completed......................................
2021-12-31 15:50:08,456:INFO:PyCaret Supervised Module
2021-12-31 15:50:08,457:INFO:ML Usecase: classification
2021-12-31 15:50:08,457:INFO:version 2.3.5
2021-12-31 15:50:08,458:INFO:Initializing setup()
2021-12-31 15:50:08,458:INFO:setup(target=StillCustomer, ml_usecase=classification, available_plots={'parameter': 'Hyperparameters', 'auc': 'AUC', 'confusion_matrix': 'Confusion Matrix', 'threshold': 'Threshold', 'pr': 'Precision Recall', 'error': 'Prediction Error', 'class_report': 'Class Report', 'rfe': 'Feature Selection', 'learning': 'Learning Curve', 'manifold': 'Manifold Learning', 'calibration': 'Calibration Curve', 'vc': 'Validation Curve', 'dimension': 'Dimensions', 'feature': 'Feature Importance', 'feature_all': 'Feature Importance (All)', 'boundary': 'Decision Boundary', 'lift': 'Lift Chart', 'gain': 'Gain Chart', 'tree': 'Decision Tree', 'ks': 'KS Statistic Plot'}, train_size=0.95, test_data=None, preprocess=True, imputation_type=simple, iterative_imputation_iters=5, categorical_features=None, categorical_imputation=constant, categorical_iterative_imputer=lightgbm, ordinal_features=None, high_cardinality_features=None, high_cardinality_method=frequency, numeric_features=('Accident/Health_(P)_Duration', 'Accident/Health_(P)_Amount', 'Builders_Risk_(P)_Duration', 'Builders_Risk_(P)_Amount', 'Dwelling_Fire_Duration', 'Dwelling_Fire_Amount', 'Earthquake_(P)_Duration', 'Earthquake_(P)_Amount', 'Flood_Duration', 'Flood_Amount', 'Homeowners_Duration', 'Homeowners_Amount', 'Life_(P)_Duration', 'Life_(P)_Amount', 'Motorcycle_Duration', 'Motorcycle_Amount', 'Private_Passenger_Auto_Duration', 'Private_Passenger_Auto_Amount', 'Umbrella_(P)_Duration', 'Umbrella_(P)_Amount'), numeric_imputation=mean, numeric_iterative_imputer=lightgbm, date_features=None, ignore_features=['Customer_ID', 'BecameCust'], normalize=False, normalize_method=zscore, transformation=True, transformation_method=yeo-johnson, handle_unknown_categorical=True, unknown_categorical_method=least_frequent, pca=False, pca_method=linear, pca_components=None, ignore_low_variance=False, combine_rare_levels=False, rare_level_threshold=0.1, bin_numeric_features=['DurationAsCust'], remove_outliers=False, outliers_threshold=0.05, remove_multicollinearity=False, multicollinearity_threshold=0.9, remove_perfect_collinearity=True, create_clusters=False, cluster_iter=20, polynomial_features=False, polynomial_degree=2, trigonometry_features=False, polynomial_threshold=0.1, group_features=None, group_names=None, feature_selection=False, feature_selection_threshold=0.8, feature_selection_method=classic, feature_interaction=False, feature_ratio=False, interaction_threshold=0.01, fix_imbalance=False, fix_imbalance_method=None, transform_target=False, transform_target_method=box-cox, data_split_shuffle=True, data_split_stratify=False, fold_strategy=stratifiedkfold, fold=10, fold_shuffle=False, fold_groups=None, n_jobs=-1, use_gpu=False, custom_pipeline=None, html=True, session_id=786, log_experiment=False, experiment_name=None, log_plots=False, log_profile=False, log_data=False, silent=True, verbose=True, profile=False, profile_kwargs=None, display=None)
2021-12-31 15:50:08,458:INFO:Checking environment
2021-12-31 15:50:08,458:INFO:python_version: 3.9.9
2021-12-31 15:50:08,458:INFO:python_build: ('main', 'Nov 20 2021 21:30:06')
2021-12-31 15:50:08,458:INFO:machine: x86_64
2021-12-31 15:50:08,458:INFO:platform: Linux-5.15.6-arch2-1-x86_64-with-glibc2.33
2021-12-31 15:50:08,460:WARNING:cannot find psutil installation. memory not traceable. Install psutil using pip to enable memory logging.
2021-12-31 15:50:08,460:INFO:Checking libraries
2021-12-31 15:50:08,460:INFO:pd==1.3.5
2021-12-31 15:50:08,460:INFO:numpy==1.20.1
2021-12-31 15:50:08,460:INFO:sklearn==0.23.2
2021-12-31 15:50:08,461:INFO:lightgbm==3.3.1
2021-12-31 15:50:08,461:WARNING:catboost not found
2021-12-31 15:50:08,461:WARNING:xgboost not found
2021-12-31 15:50:08,677:INFO:mlflow==1.22.0
2021-12-31 15:50:08,677:INFO:Checking Exceptions
2021-12-31 15:50:08,677:INFO:Declaring global variables
2021-12-31 15:50:08,677:INFO:USI: cb08
2021-12-31 15:50:08,677:INFO:pycaret_globals: {'X', 'USI', '_ml_usecase', 'seed', 'master_model_container', '_available_plots', 'X_test', 'exp_name_log', 'fold_groups_param_full', 'imputation_classifier', 'fix_imbalance_method_param', 'imputation_regressor', 'transform_target_method_param', 'stratify_param', 'create_model_container', 'experiment__', 'target_param', 'X_train', 'html_param', 'display_container', 'transform_target_param', 'fold_param', 'log_plots_param', '_all_models', 'iterative_imputation_iters_param', '_all_models_internal', 'fix_imbalance_param', 'y_test', '_gpu_n_jobs_param', 'fold_groups_param', 'y_train', 'y', 'prep_pipe', '_internal_pipeline', 'fold_generator', 'data_before_preprocess', 'gpu_param', 'fold_shuffle_param', 'n_jobs_param', 'pycaret_globals', '_all_metrics', 'logging_param'}
2021-12-31 15:50:08,678:INFO:Preparing display monitor
2021-12-31 15:50:08,678:INFO:Preparing display monitor
2021-12-31 15:50:08,686:INFO:Importing libraries
2021-12-31 15:50:08,686:INFO:Copying data for preprocessing
2021-12-31 15:50:08,693:INFO:Declaring preprocessing parameters
2021-12-31 15:50:08,695:INFO:Creating preprocessing pipeline
2021-12-31 15:50:08,700:INFO:Preprocessing pipeline created successfully
2021-12-31 15:50:08,700:ERROR:(Process Exit): setup has been interupted with user command 'quit'. setup must rerun.
2021-12-31 15:50:08,700:INFO:Creating global containers
2021-12-31 15:50:08,701:INFO:Internal pipeline: Pipeline(memory=None, steps=[('empty_step', 'passthrough')], verbose=False)
2021-12-31 15:50:09,070:WARNING:Couldn't import xgboost.XGBClassifier
2021-12-31 15:50:09,070:WARNING:Couldn't import catboost.CatBoostClassifier
2021-12-31 15:50:09,135:WARNING:Couldn't import xgboost.XGBClassifier
2021-12-31 15:50:09,136:WARNING:Couldn't import catboost.CatBoostClassifier
2021-12-31 15:50:09,136:INFO:Creating grid variables
2021-12-31 15:50:09,146:INFO:create_model_container: 0
2021-12-31 15:50:09,147:INFO:master_model_container: 0
2021-12-31 15:50:09,147:INFO:display_container: 1
2021-12-31 15:50:09,152:INFO:Pipeline(memory=None,
         steps=[('dtypes',
                 DataTypes_Auto_infer(categorical_features=[],
                                      display_types=False,
                                      features_todrop=['Customer_ID',
                                                       'BecameCust'],
                                      id_columns=[],
                                      ml_usecase='classification',
                                      numerical_features=['Accident/Health_(P)_Duration',
                                                          'Accident/Health_(P)_Amount',
                                                          'Builders_Risk_(P)_Duration',
                                                          'Builders_Risk_(P)_Amount',
                                                          'Dwelling_Fire_Duration'...
                ('binn', Binning(features_to_discretize=['DurationAsCust'])),
                ('rem_outliers', 'passthrough'), ('cluster_all', 'passthrough'),
                ('dummy', Dummify(target='StillCustomer')),
                ('fix_perfect', Remove_100(target='StillCustomer')),
                ('clean_names', Clean_Colum_Names()),
                ('feature_select', 'passthrough'), ('fix_multi', 'passthrough'),
                ('dfs', 'passthrough'), ('pca', 'passthrough')],
         verbose=False)
2021-12-31 15:50:09,152:INFO:setup() succesfully completed......................................
2021-12-31 15:50:09,655:INFO:Initializing tune_model()
2021-12-31 15:50:09,656:INFO:tune_model(estimator=lr, fold=None, round=4, n_iter=10, custom_grid=None, optimize=Accuracy, custom_scorer=None, search_library=scikit-learn, search_algorithm=None, early_stopping=False, early_stopping_max_iters=10, choose_better=False, fit_kwargs=None, groups=None, return_tuner=False, verbose=True, tuner_verbose=True, display=None, kwargs={})
2021-12-31 15:50:09,656:INFO:Checking exceptions
2021-12-31 15:55:53,630:INFO:Initializing compare_models()
2021-12-31 15:55:53,631:INFO:compare_models(include=None, fold=None, round=4, cross_validation=True, sort=Accuracy, n_select=1, budget_time=None, turbo=True, errors=ignore, fit_kwargs=None, groups=None, probability_threshold=None, verbose=True, display=None, exclude=None)
2021-12-31 15:55:53,631:INFO:Checking exceptions
2021-12-31 15:55:53,632:INFO:Preparing display monitor
2021-12-31 15:55:53,632:INFO:Preparing display monitor
2021-12-31 15:55:53,656:INFO:Initializing Logistic Regression
2021-12-31 15:55:53,656:INFO:Total runtime is 2.682209014892578e-06 minutes
2021-12-31 15:55:53,665:INFO:SubProcess create_model() called ==================================
2021-12-31 15:55:53,665:INFO:Initializing create_model()
2021-12-31 15:55:53,666:INFO:create_model(estimator=lr, fold=StratifiedKFold(n_splits=10, random_state=None, shuffle=False), round=4, cross_validation=True, predict=True, fit_kwargs={}, groups=None, refit=False, verbose=False, system=False, metrics=None, add_to_model_list=True, probability_threshold=None, display=<pycaret.internal.Display.Display object at 0x7f456e6d9220>, kwargs={})
2021-12-31 15:55:53,666:INFO:Checking exceptions
2021-12-31 15:55:53,666:INFO:Importing libraries
2021-12-31 15:55:53,666:INFO:Copying training dataset
2021-12-31 15:55:53,667:INFO:Defining folds
2021-12-31 15:55:53,667:INFO:Declaring metric variables
2021-12-31 15:55:53,672:INFO:Importing untrained model
2021-12-31 15:55:53,681:INFO:Logistic Regression Imported succesfully
2021-12-31 15:55:53,695:INFO:Starting cross validation
2021-12-31 15:55:53,696:INFO:Cross validating with StratifiedKFold(n_splits=10, random_state=None, shuffle=False), n_jobs=-1
2021-12-31 15:55:56,222:INFO:Calculating mean and std
2021-12-31 15:55:56,223:INFO:Creating metrics dataframe
2021-12-31 15:55:56,227:INFO:Uploading results into container
2021-12-31 15:55:56,227:INFO:Uploading model into container now
2021-12-31 15:55:56,227:INFO:create_model_container: 1
2021-12-31 15:55:56,227:INFO:master_model_container: 1
2021-12-31 15:55:56,227:INFO:display_container: 2
2021-12-31 15:55:56,228:INFO:LogisticRegression(C=1.0, class_weight=None, dual=False, fit_intercept=True,
                   intercept_scaling=1, l1_ratio=None, max_iter=1000,
                   multi_class='auto', n_jobs=None, penalty='l2',
                   random_state=786, solver='lbfgs', tol=0.0001, verbose=0,
                   warm_start=False)
2021-12-31 15:55:56,228:INFO:create_model() succesfully completed......................................
2021-12-31 15:55:56,346:INFO:SubProcess create_model() end ==================================
2021-12-31 15:55:56,346:INFO:Creating metrics dataframe
2021-12-31 15:55:56,360:INFO:Initializing K Neighbors Classifier
2021-12-31 15:55:56,360:INFO:Total runtime is 0.04507154623667399 minutes
2021-12-31 15:55:56,368:INFO:SubProcess create_model() called ==================================
2021-12-31 15:55:56,368:INFO:Initializing create_model()
2021-12-31 15:55:56,368:INFO:create_model(estimator=knn, fold=StratifiedKFold(n_splits=10, random_state=None, shuffle=False), round=4, cross_validation=True, predict=True, fit_kwargs={}, groups=None, refit=False, verbose=False, system=False, metrics=None, add_to_model_list=True, probability_threshold=None, display=<pycaret.internal.Display.Display object at 0x7f456e6d9220>, kwargs={})
2021-12-31 15:55:56,368:INFO:Checking exceptions
2021-12-31 15:55:56,368:INFO:Importing libraries
2021-12-31 15:55:56,368:INFO:Copying training dataset
2021-12-31 15:55:56,369:INFO:Defining folds
2021-12-31 15:55:56,369:INFO:Declaring metric variables
2021-12-31 15:55:56,376:INFO:Importing untrained model
2021-12-31 15:55:56,385:INFO:K Neighbors Classifier Imported succesfully
2021-12-31 15:55:56,402:INFO:Starting cross validation
2021-12-31 15:55:56,402:INFO:Cross validating with StratifiedKFold(n_splits=10, random_state=None, shuffle=False), n_jobs=-1
2021-12-31 15:55:56,488:INFO:Calculating mean and std
2021-12-31 15:55:56,488:INFO:Creating metrics dataframe
2021-12-31 15:55:56,492:INFO:Uploading results into container
2021-12-31 15:55:56,492:INFO:Uploading model into container now
2021-12-31 15:55:56,492:INFO:create_model_container: 2
2021-12-31 15:55:56,492:INFO:master_model_container: 2
2021-12-31 15:55:56,492:INFO:display_container: 2
2021-12-31 15:55:56,492:INFO:KNeighborsClassifier(algorithm='auto', leaf_size=30, metric='minkowski',
                     metric_params=None, n_jobs=-1, n_neighbors=5, p=2,
                     weights='uniform')
2021-12-31 15:55:56,492:INFO:create_model() succesfully completed......................................
2021-12-31 15:55:56,593:INFO:SubProcess create_model() end ==================================
2021-12-31 15:55:56,593:INFO:Creating metrics dataframe
2021-12-31 15:55:56,607:INFO:Initializing Naive Bayes
2021-12-31 15:55:56,607:INFO:Total runtime is 0.04918194611867269 minutes
2021-12-31 15:55:56,615:INFO:SubProcess create_model() called ==================================
2021-12-31 15:55:56,615:INFO:Initializing create_model()
2021-12-31 15:55:56,615:INFO:create_model(estimator=nb, fold=StratifiedKFold(n_splits=10, random_state=None, shuffle=False), round=4, cross_validation=True, predict=True, fit_kwargs={}, groups=None, refit=False, verbose=False, system=False, metrics=None, add_to_model_list=True, probability_threshold=None, display=<pycaret.internal.Display.Display object at 0x7f456e6d9220>, kwargs={})
2021-12-31 15:55:56,615:INFO:Checking exceptions
2021-12-31 15:55:56,615:INFO:Importing libraries
2021-12-31 15:55:56,615:INFO:Copying training dataset
2021-12-31 15:55:56,616:INFO:Defining folds
2021-12-31 15:55:56,616:INFO:Declaring metric variables
2021-12-31 15:55:56,623:INFO:Importing untrained model
2021-12-31 15:55:56,631:INFO:Naive Bayes Imported succesfully
2021-12-31 15:55:56,643:INFO:Starting cross validation
2021-12-31 15:55:56,643:INFO:Cross validating with StratifiedKFold(n_splits=10, random_state=None, shuffle=False), n_jobs=-1
2021-12-31 15:55:56,678:INFO:Calculating mean and std
2021-12-31 15:55:56,679:INFO:Creating metrics dataframe
2021-12-31 15:55:56,683:INFO:Uploading results into container
2021-12-31 15:55:56,683:INFO:Uploading model into container now
2021-12-31 15:55:56,683:INFO:create_model_container: 3
2021-12-31 15:55:56,683:INFO:master_model_container: 3
2021-12-31 15:55:56,683:INFO:display_container: 2
2021-12-31 15:55:56,683:INFO:GaussianNB(priors=None, var_smoothing=1e-09)
2021-12-31 15:55:56,683:INFO:create_model() succesfully completed......................................
2021-12-31 15:55:56,792:INFO:SubProcess create_model() end ==================================
2021-12-31 15:55:56,792:INFO:Creating metrics dataframe
2021-12-31 15:55:56,806:INFO:Initializing Decision Tree Classifier
2021-12-31 15:55:56,806:INFO:Total runtime is 0.05250123341878255 minutes
2021-12-31 15:55:56,813:INFO:SubProcess create_model() called ==================================
2021-12-31 15:55:56,814:INFO:Initializing create_model()
2021-12-31 15:55:56,814:INFO:create_model(estimator=dt, fold=StratifiedKFold(n_splits=10, random_state=None, shuffle=False), round=4, cross_validation=True, predict=True, fit_kwargs={}, groups=None, refit=False, verbose=False, system=False, metrics=None, add_to_model_list=True, probability_threshold=None, display=<pycaret.internal.Display.Display object at 0x7f456e6d9220>, kwargs={})
2021-12-31 15:55:56,814:INFO:Checking exceptions
2021-12-31 15:55:56,814:INFO:Importing libraries
2021-12-31 15:55:56,814:INFO:Copying training dataset
2021-12-31 15:55:56,814:INFO:Defining folds
2021-12-31 15:55:56,815:INFO:Declaring metric variables
2021-12-31 15:55:56,822:INFO:Importing untrained model
2021-12-31 15:55:56,831:INFO:Decision Tree Classifier Imported succesfully
2021-12-31 15:55:56,847:INFO:Starting cross validation
2021-12-31 15:55:56,848:INFO:Cross validating with StratifiedKFold(n_splits=10, random_state=None, shuffle=False), n_jobs=-1
2021-12-31 15:55:56,893:INFO:Calculating mean and std
2021-12-31 15:55:56,894:INFO:Creating metrics dataframe
2021-12-31 15:55:56,901:INFO:Uploading results into container
2021-12-31 15:55:56,901:INFO:Uploading model into container now
2021-12-31 15:55:56,901:INFO:create_model_container: 4
2021-12-31 15:55:56,901:INFO:master_model_container: 4
2021-12-31 15:55:56,901:INFO:display_container: 2
2021-12-31 15:55:56,902:INFO:DecisionTreeClassifier(ccp_alpha=0.0, class_weight=None, criterion='gini',
                       max_depth=None, max_features=None, max_leaf_nodes=None,
                       min_impurity_decrease=0.0, min_impurity_split=None,
                       min_samples_leaf=1, min_samples_split=2,
                       min_weight_fraction_leaf=0.0, presort='deprecated',
                       random_state=786, splitter='best')
2021-12-31 15:55:56,902:INFO:create_model() succesfully completed......................................
2021-12-31 15:55:57,009:INFO:SubProcess create_model() end ==================================
2021-12-31 15:55:57,009:INFO:Creating metrics dataframe
2021-12-31 15:55:57,022:INFO:Initializing SVM - Linear Kernel
2021-12-31 15:55:57,022:INFO:Total runtime is 0.056102001667022706 minutes
2021-12-31 15:55:57,028:INFO:SubProcess create_model() called ==================================
2021-12-31 15:55:57,029:INFO:Initializing create_model()
2021-12-31 15:55:57,029:INFO:create_model(estimator=svm, fold=StratifiedKFold(n_splits=10, random_state=None, shuffle=False), round=4, cross_validation=True, predict=True, fit_kwargs={}, groups=None, refit=False, verbose=False, system=False, metrics=None, add_to_model_list=True, probability_threshold=None, display=<pycaret.internal.Display.Display object at 0x7f456e6d9220>, kwargs={})
2021-12-31 15:55:57,029:INFO:Checking exceptions
2021-12-31 15:55:57,029:INFO:Importing libraries
2021-12-31 15:55:57,029:INFO:Copying training dataset
2021-12-31 15:55:57,030:INFO:Defining folds
2021-12-31 15:55:57,030:INFO:Declaring metric variables
2021-12-31 15:55:57,037:INFO:Importing untrained model
2021-12-31 15:55:57,046:INFO:SVM - Linear Kernel Imported succesfully
2021-12-31 15:55:57,059:INFO:Starting cross validation
2021-12-31 15:55:57,059:INFO:Cross validating with StratifiedKFold(n_splits=10, random_state=None, shuffle=False), n_jobs=-1
2021-12-31 15:55:57,103:INFO:Calculating mean and std
2021-12-31 15:55:57,104:INFO:Creating metrics dataframe
2021-12-31 15:55:57,108:INFO:Uploading results into container
2021-12-31 15:55:57,108:INFO:Uploading model into container now
2021-12-31 15:55:57,108:INFO:create_model_container: 5
2021-12-31 15:55:57,108:INFO:master_model_container: 5
2021-12-31 15:55:57,108:INFO:display_container: 2
2021-12-31 15:55:57,108:INFO:SGDClassifier(alpha=0.0001, average=False, class_weight=None,
              early_stopping=False, epsilon=0.1, eta0=0.001, fit_intercept=True,
              l1_ratio=0.15, learning_rate='optimal', loss='hinge',
              max_iter=1000, n_iter_no_change=5, n_jobs=-1, penalty='l2',
              power_t=0.5, random_state=786, shuffle=True, tol=0.001,
              validation_fraction=0.1, verbose=0, warm_start=False)
2021-12-31 15:55:57,108:INFO:create_model() succesfully completed......................................
2021-12-31 15:55:57,209:INFO:SubProcess create_model() end ==================================
2021-12-31 15:55:57,209:INFO:Creating metrics dataframe
2021-12-31 15:55:57,224:INFO:Initializing Ridge Classifier
2021-12-31 15:55:57,224:INFO:Total runtime is 0.05946190754572551 minutes
2021-12-31 15:55:57,231:INFO:SubProcess create_model() called ==================================
2021-12-31 15:55:57,231:INFO:Initializing create_model()
2021-12-31 15:55:57,231:INFO:create_model(estimator=ridge, fold=StratifiedKFold(n_splits=10, random_state=None, shuffle=False), round=4, cross_validation=True, predict=True, fit_kwargs={}, groups=None, refit=False, verbose=False, system=False, metrics=None, add_to_model_list=True, probability_threshold=None, display=<pycaret.internal.Display.Display object at 0x7f456e6d9220>, kwargs={})
2021-12-31 15:55:57,231:INFO:Checking exceptions
2021-12-31 15:55:57,231:INFO:Importing libraries
2021-12-31 15:55:57,231:INFO:Copying training dataset
2021-12-31 15:55:57,232:INFO:Defining folds
2021-12-31 15:55:57,232:INFO:Declaring metric variables
2021-12-31 15:55:57,241:INFO:Importing untrained model
2021-12-31 15:55:57,251:INFO:Ridge Classifier Imported succesfully
2021-12-31 15:55:57,274:INFO:Starting cross validation
2021-12-31 15:55:57,275:INFO:Cross validating with StratifiedKFold(n_splits=10, random_state=None, shuffle=False), n_jobs=-1
2021-12-31 15:55:57,390:INFO:Calculating mean and std
2021-12-31 15:55:57,391:INFO:Creating metrics dataframe
2021-12-31 15:55:57,395:INFO:Uploading results into container
2021-12-31 15:55:57,395:INFO:Uploading model into container now
2021-12-31 15:55:57,395:INFO:create_model_container: 6
2021-12-31 15:55:57,395:INFO:master_model_container: 6
2021-12-31 15:55:57,395:INFO:display_container: 2
2021-12-31 15:55:57,396:INFO:RidgeClassifier(alpha=1.0, class_weight=None, copy_X=True, fit_intercept=True,
                max_iter=None, normalize=False, random_state=786, solver='auto',
                tol=0.001)
2021-12-31 15:55:57,396:INFO:create_model() succesfully completed......................................
2021-12-31 15:55:57,507:INFO:SubProcess create_model() end ==================================
2021-12-31 15:55:57,507:INFO:Creating metrics dataframe
2021-12-31 15:55:57,522:INFO:Initializing Random Forest Classifier
2021-12-31 15:55:57,523:INFO:Total runtime is 0.06444205045700073 minutes
2021-12-31 15:55:57,530:INFO:SubProcess create_model() called ==================================
2021-12-31 15:55:57,530:INFO:Initializing create_model()
2021-12-31 15:55:57,530:INFO:create_model(estimator=rf, fold=StratifiedKFold(n_splits=10, random_state=None, shuffle=False), round=4, cross_validation=True, predict=True, fit_kwargs={}, groups=None, refit=False, verbose=False, system=False, metrics=None, add_to_model_list=True, probability_threshold=None, display=<pycaret.internal.Display.Display object at 0x7f456e6d9220>, kwargs={})
2021-12-31 15:55:57,530:INFO:Checking exceptions
2021-12-31 15:55:57,531:INFO:Importing libraries
2021-12-31 15:55:57,531:INFO:Copying training dataset
2021-12-31 15:55:57,531:INFO:Defining folds
2021-12-31 15:55:57,531:INFO:Declaring metric variables
2021-12-31 15:55:57,538:INFO:Importing untrained model
2021-12-31 15:55:57,546:INFO:Random Forest Classifier Imported succesfully
2021-12-31 15:55:57,560:INFO:Starting cross validation
2021-12-31 15:55:57,560:INFO:Cross validating with StratifiedKFold(n_splits=10, random_state=None, shuffle=False), n_jobs=-1
2021-12-31 15:55:58,274:INFO:Calculating mean and std
2021-12-31 15:55:58,275:INFO:Creating metrics dataframe
2021-12-31 15:55:58,278:INFO:Uploading results into container
2021-12-31 15:55:58,278:INFO:Uploading model into container now
2021-12-31 15:55:58,278:INFO:create_model_container: 7
2021-12-31 15:55:58,278:INFO:master_model_container: 7
2021-12-31 15:55:58,278:INFO:display_container: 2
2021-12-31 15:55:58,279:INFO:RandomForestClassifier(bootstrap=True, ccp_alpha=0.0, class_weight=None,
                       criterion='gini', max_depth=None, max_features='auto',
                       max_leaf_nodes=None, max_samples=None,
                       min_impurity_decrease=0.0, min_impurity_split=None,
                       min_samples_leaf=1, min_samples_split=2,
                       min_weight_fraction_leaf=0.0, n_estimators=100,
                       n_jobs=-1, oob_score=False, random_state=786, verbose=0,
                       warm_start=False)
2021-12-31 15:55:58,279:INFO:create_model() succesfully completed......................................
2021-12-31 15:55:58,391:INFO:SubProcess create_model() end ==================================
2021-12-31 15:55:58,391:INFO:Creating metrics dataframe
2021-12-31 15:55:58,407:INFO:Initializing Quadratic Discriminant Analysis
2021-12-31 15:55:58,408:INFO:Total runtime is 0.07919287284215291 minutes
2021-12-31 15:55:58,415:INFO:SubProcess create_model() called ==================================
2021-12-31 15:55:58,415:INFO:Initializing create_model()
2021-12-31 15:55:58,415:INFO:create_model(estimator=qda, fold=StratifiedKFold(n_splits=10, random_state=None, shuffle=False), round=4, cross_validation=True, predict=True, fit_kwargs={}, groups=None, refit=False, verbose=False, system=False, metrics=None, add_to_model_list=True, probability_threshold=None, display=<pycaret.internal.Display.Display object at 0x7f456e6d9220>, kwargs={})
2021-12-31 15:55:58,415:INFO:Checking exceptions
2021-12-31 15:55:58,415:INFO:Importing libraries
2021-12-31 15:55:58,416:INFO:Copying training dataset
2021-12-31 15:55:58,416:INFO:Defining folds
2021-12-31 15:55:58,416:INFO:Declaring metric variables
2021-12-31 15:55:58,422:INFO:Importing untrained model
2021-12-31 15:55:58,431:INFO:Quadratic Discriminant Analysis Imported succesfully
2021-12-31 15:55:58,448:INFO:Starting cross validation
2021-12-31 15:55:58,449:INFO:Cross validating with StratifiedKFold(n_splits=10, random_state=None, shuffle=False), n_jobs=-1
2021-12-31 15:55:58,573:INFO:Calculating mean and std
2021-12-31 15:55:58,574:INFO:Creating metrics dataframe
2021-12-31 15:55:58,577:INFO:Uploading results into container
2021-12-31 15:55:58,577:INFO:Uploading model into container now
2021-12-31 15:55:58,578:INFO:create_model_container: 8
2021-12-31 15:55:58,578:INFO:master_model_container: 8
2021-12-31 15:55:58,578:INFO:display_container: 2
2021-12-31 15:55:58,578:INFO:QuadraticDiscriminantAnalysis(priors=None, reg_param=0.0,
                              store_covariance=False, tol=0.0001)
2021-12-31 15:55:58,578:INFO:create_model() succesfully completed......................................
2021-12-31 15:55:58,674:INFO:SubProcess create_model() end ==================================
2021-12-31 15:55:58,674:INFO:Creating metrics dataframe
2021-12-31 15:55:58,689:INFO:Initializing Ada Boost Classifier
2021-12-31 15:55:58,689:INFO:Total runtime is 0.0838893175125122 minutes
2021-12-31 15:55:58,696:INFO:SubProcess create_model() called ==================================
2021-12-31 15:55:58,696:INFO:Initializing create_model()
2021-12-31 15:55:58,696:INFO:create_model(estimator=ada, fold=StratifiedKFold(n_splits=10, random_state=None, shuffle=False), round=4, cross_validation=True, predict=True, fit_kwargs={}, groups=None, refit=False, verbose=False, system=False, metrics=None, add_to_model_list=True, probability_threshold=None, display=<pycaret.internal.Display.Display object at 0x7f456e6d9220>, kwargs={})
2021-12-31 15:55:58,697:INFO:Checking exceptions
2021-12-31 15:55:58,697:INFO:Importing libraries
2021-12-31 15:55:58,697:INFO:Copying training dataset
2021-12-31 15:55:58,697:INFO:Defining folds
2021-12-31 15:55:58,698:INFO:Declaring metric variables
2021-12-31 15:55:58,704:INFO:Importing untrained model
2021-12-31 15:55:58,709:INFO:Ada Boost Classifier Imported succesfully
2021-12-31 15:55:58,722:INFO:Starting cross validation
2021-12-31 15:55:58,722:INFO:Cross validating with StratifiedKFold(n_splits=10, random_state=None, shuffle=False), n_jobs=-1
2021-12-31 15:55:58,970:INFO:Calculating mean and std
2021-12-31 15:55:58,971:INFO:Creating metrics dataframe
2021-12-31 15:55:58,975:INFO:Uploading results into container
2021-12-31 15:55:58,975:INFO:Uploading model into container now
2021-12-31 15:55:58,975:INFO:create_model_container: 9
2021-12-31 15:55:58,975:INFO:master_model_container: 9
2021-12-31 15:55:58,975:INFO:display_container: 2
2021-12-31 15:55:58,975:INFO:AdaBoostClassifier(algorithm='SAMME.R', base_estimator=None, learning_rate=1.0,
                   n_estimators=50, random_state=786)
2021-12-31 15:55:58,975:INFO:create_model() succesfully completed......................................
2021-12-31 15:55:59,089:INFO:SubProcess create_model() end ==================================
2021-12-31 15:55:59,089:INFO:Creating metrics dataframe
2021-12-31 15:55:59,105:INFO:Initializing Gradient Boosting Classifier
2021-12-31 15:55:59,105:INFO:Total runtime is 0.09082464774449667 minutes
2021-12-31 15:55:59,113:INFO:SubProcess create_model() called ==================================
2021-12-31 15:55:59,113:INFO:Initializing create_model()
2021-12-31 15:55:59,113:INFO:create_model(estimator=gbc, fold=StratifiedKFold(n_splits=10, random_state=None, shuffle=False), round=4, cross_validation=True, predict=True, fit_kwargs={}, groups=None, refit=False, verbose=False, system=False, metrics=None, add_to_model_list=True, probability_threshold=None, display=<pycaret.internal.Display.Display object at 0x7f456e6d9220>, kwargs={})
2021-12-31 15:55:59,113:INFO:Checking exceptions
2021-12-31 15:55:59,113:INFO:Importing libraries
2021-12-31 15:55:59,113:INFO:Copying training dataset
2021-12-31 15:55:59,114:INFO:Defining folds
2021-12-31 15:55:59,114:INFO:Declaring metric variables
2021-12-31 15:55:59,123:INFO:Importing untrained model
2021-12-31 15:55:59,133:INFO:Gradient Boosting Classifier Imported succesfully
2021-12-31 15:55:59,149:INFO:Starting cross validation
2021-12-31 15:55:59,149:INFO:Cross validating with StratifiedKFold(n_splits=10, random_state=None, shuffle=False), n_jobs=-1
2021-12-31 15:55:59,453:INFO:Calculating mean and std
2021-12-31 15:55:59,454:INFO:Creating metrics dataframe
2021-12-31 15:55:59,458:INFO:Uploading results into container
2021-12-31 15:55:59,458:INFO:Uploading model into container now
2021-12-31 15:55:59,458:INFO:create_model_container: 10
2021-12-31 15:55:59,458:INFO:master_model_container: 10
2021-12-31 15:55:59,458:INFO:display_container: 2
2021-12-31 15:55:59,458:INFO:GradientBoostingClassifier(ccp_alpha=0.0, criterion='friedman_mse', init=None,
                           learning_rate=0.1, loss='deviance', max_depth=3,
                           max_features=None, max_leaf_nodes=None,
                           min_impurity_decrease=0.0, min_impurity_split=None,
                           min_samples_leaf=1, min_samples_split=2,
                           min_weight_fraction_leaf=0.0, n_estimators=100,
                           n_iter_no_change=None, presort='deprecated',
                           random_state=786, subsample=1.0, tol=0.0001,
                           validation_fraction=0.1, verbose=0,
                           warm_start=False)
2021-12-31 15:55:59,458:INFO:create_model() succesfully completed......................................
2021-12-31 15:55:59,558:INFO:SubProcess create_model() end ==================================
2021-12-31 15:55:59,558:INFO:Creating metrics dataframe
2021-12-31 15:55:59,572:INFO:Initializing Linear Discriminant Analysis
2021-12-31 15:55:59,572:INFO:Total runtime is 0.09860134919484456 minutes
2021-12-31 15:55:59,579:INFO:SubProcess create_model() called ==================================
2021-12-31 15:55:59,579:INFO:Initializing create_model()
2021-12-31 15:55:59,579:INFO:create_model(estimator=lda, fold=StratifiedKFold(n_splits=10, random_state=None, shuffle=False), round=4, cross_validation=True, predict=True, fit_kwargs={}, groups=None, refit=False, verbose=False, system=False, metrics=None, add_to_model_list=True, probability_threshold=None, display=<pycaret.internal.Display.Display object at 0x7f456e6d9220>, kwargs={})
2021-12-31 15:55:59,579:INFO:Checking exceptions
2021-12-31 15:55:59,579:INFO:Importing libraries
2021-12-31 15:55:59,579:INFO:Copying training dataset
2021-12-31 15:55:59,580:INFO:Defining folds
2021-12-31 15:55:59,580:INFO:Declaring metric variables
2021-12-31 15:55:59,588:INFO:Importing untrained model
2021-12-31 15:55:59,597:INFO:Linear Discriminant Analysis Imported succesfully
2021-12-31 15:55:59,612:INFO:Starting cross validation
2021-12-31 15:55:59,613:INFO:Cross validating with StratifiedKFold(n_splits=10, random_state=None, shuffle=False), n_jobs=-1
2021-12-31 15:55:59,730:INFO:Calculating mean and std
2021-12-31 15:55:59,731:INFO:Creating metrics dataframe
2021-12-31 15:55:59,735:INFO:Uploading results into container
2021-12-31 15:55:59,735:INFO:Uploading model into container now
2021-12-31 15:55:59,735:INFO:create_model_container: 11
2021-12-31 15:55:59,735:INFO:master_model_container: 11
2021-12-31 15:55:59,735:INFO:display_container: 2
2021-12-31 15:55:59,736:INFO:LinearDiscriminantAnalysis(n_components=None, priors=None, shrinkage=None,
                           solver='svd', store_covariance=False, tol=0.0001)
2021-12-31 15:55:59,736:INFO:create_model() succesfully completed......................................
2021-12-31 15:55:59,839:INFO:SubProcess create_model() end ==================================
2021-12-31 15:55:59,839:INFO:Creating metrics dataframe
2021-12-31 15:55:59,854:INFO:Initializing Extra Trees Classifier
2021-12-31 15:55:59,854:INFO:Total runtime is 0.10329850514729817 minutes
2021-12-31 15:55:59,861:INFO:SubProcess create_model() called ==================================
2021-12-31 15:55:59,861:INFO:Initializing create_model()
2021-12-31 15:55:59,861:INFO:create_model(estimator=et, fold=StratifiedKFold(n_splits=10, random_state=None, shuffle=False), round=4, cross_validation=True, predict=True, fit_kwargs={}, groups=None, refit=False, verbose=False, system=False, metrics=None, add_to_model_list=True, probability_threshold=None, display=<pycaret.internal.Display.Display object at 0x7f456e6d9220>, kwargs={})
2021-12-31 15:55:59,861:INFO:Checking exceptions
2021-12-31 15:55:59,861:INFO:Importing libraries
2021-12-31 15:55:59,861:INFO:Copying training dataset
2021-12-31 15:55:59,862:INFO:Defining folds
2021-12-31 15:55:59,862:INFO:Declaring metric variables
2021-12-31 15:55:59,869:INFO:Importing untrained model
2021-12-31 15:55:59,876:INFO:Extra Trees Classifier Imported succesfully
2021-12-31 15:55:59,891:INFO:Starting cross validation
2021-12-31 15:55:59,892:INFO:Cross validating with StratifiedKFold(n_splits=10, random_state=None, shuffle=False), n_jobs=-1
2021-12-31 15:56:00,494:INFO:Calculating mean and std
2021-12-31 15:56:00,495:INFO:Creating metrics dataframe
2021-12-31 15:56:00,498:INFO:Uploading results into container
2021-12-31 15:56:00,498:INFO:Uploading model into container now
2021-12-31 15:56:00,498:INFO:create_model_container: 12
2021-12-31 15:56:00,499:INFO:master_model_container: 12
2021-12-31 15:56:00,499:INFO:display_container: 2
2021-12-31 15:56:00,499:INFO:ExtraTreesClassifier(bootstrap=False, ccp_alpha=0.0, class_weight=None,
                     criterion='gini', max_depth=None, max_features='auto',
                     max_leaf_nodes=None, max_samples=None,
                     min_impurity_decrease=0.0, min_impurity_split=None,
                     min_samples_leaf=1, min_samples_split=2,
                     min_weight_fraction_leaf=0.0, n_estimators=100, n_jobs=-1,
                     oob_score=False, random_state=786, verbose=0,
                     warm_start=False)
2021-12-31 15:56:00,499:INFO:create_model() succesfully completed......................................
2021-12-31 15:56:00,602:INFO:SubProcess create_model() end ==================================
2021-12-31 15:56:00,602:INFO:Creating metrics dataframe
2021-12-31 15:56:00,619:INFO:Initializing Light Gradient Boosting Machine
2021-12-31 15:56:00,619:INFO:Total runtime is 0.11604895194371541 minutes
2021-12-31 15:56:00,626:INFO:SubProcess create_model() called ==================================
2021-12-31 15:56:00,627:INFO:Initializing create_model()
2021-12-31 15:56:00,627:INFO:create_model(estimator=lightgbm, fold=StratifiedKFold(n_splits=10, random_state=None, shuffle=False), round=4, cross_validation=True, predict=True, fit_kwargs={}, groups=None, refit=False, verbose=False, system=False, metrics=None, add_to_model_list=True, probability_threshold=None, display=<pycaret.internal.Display.Display object at 0x7f456e6d9220>, kwargs={})
2021-12-31 15:56:00,627:INFO:Checking exceptions
2021-12-31 15:56:00,627:INFO:Importing libraries
2021-12-31 15:56:00,627:INFO:Copying training dataset
2021-12-31 15:56:00,628:INFO:Defining folds
2021-12-31 15:56:00,628:INFO:Declaring metric variables
2021-12-31 15:56:00,634:INFO:Importing untrained model
2021-12-31 15:56:00,641:INFO:Light Gradient Boosting Machine Imported succesfully
2021-12-31 15:56:00,657:INFO:Starting cross validation
2021-12-31 15:56:00,657:INFO:Cross validating with StratifiedKFold(n_splits=10, random_state=None, shuffle=False), n_jobs=-1
2021-12-31 15:56:00,880:INFO:Calculating mean and std
2021-12-31 15:56:00,881:INFO:Creating metrics dataframe
2021-12-31 15:56:00,884:INFO:Uploading results into container
2021-12-31 15:56:00,884:INFO:Uploading model into container now
2021-12-31 15:56:00,884:INFO:create_model_container: 13
2021-12-31 15:56:00,885:INFO:master_model_container: 13
2021-12-31 15:56:00,885:INFO:display_container: 2
2021-12-31 15:56:00,885:INFO:LGBMClassifier(boosting_type='gbdt', class_weight=None, colsample_bytree=1.0,
               importance_type='split', learning_rate=0.1, max_depth=-1,
               min_child_samples=20, min_child_weight=0.001, min_split_gain=0.0,
               n_estimators=100, n_jobs=-1, num_leaves=31, objective=None,
               random_state=786, reg_alpha=0.0, reg_lambda=0.0, silent='warn',
               subsample=1.0, subsample_for_bin=200000, subsample_freq=0)
2021-12-31 15:56:00,885:INFO:create_model() succesfully completed......................................
2021-12-31 15:56:00,983:INFO:SubProcess create_model() end ==================================
2021-12-31 15:56:00,983:INFO:Creating metrics dataframe
2021-12-31 15:56:00,999:INFO:Initializing Dummy Classifier
2021-12-31 15:56:01,000:INFO:Total runtime is 0.12239480415980021 minutes
2021-12-31 15:56:01,013:INFO:SubProcess create_model() called ==================================
2021-12-31 15:56:01,014:INFO:Initializing create_model()
2021-12-31 15:56:01,014:INFO:create_model(estimator=dummy, fold=StratifiedKFold(n_splits=10, random_state=None, shuffle=False), round=4, cross_validation=True, predict=True, fit_kwargs={}, groups=None, refit=False, verbose=False, system=False, metrics=None, add_to_model_list=True, probability_threshold=None, display=<pycaret.internal.Display.Display object at 0x7f456e6d9220>, kwargs={})
2021-12-31 15:56:01,014:INFO:Checking exceptions
2021-12-31 15:56:01,014:INFO:Importing libraries
2021-12-31 15:56:01,014:INFO:Copying training dataset
2021-12-31 15:56:01,015:INFO:Defining folds
2021-12-31 15:56:01,015:INFO:Declaring metric variables
2021-12-31 15:56:01,025:INFO:Importing untrained model
2021-12-31 15:56:01,033:INFO:Dummy Classifier Imported succesfully
2021-12-31 15:56:01,055:INFO:Starting cross validation
2021-12-31 15:56:01,055:INFO:Cross validating with StratifiedKFold(n_splits=10, random_state=None, shuffle=False), n_jobs=-1
2021-12-31 15:56:01,089:INFO:Calculating mean and std
2021-12-31 15:56:01,090:INFO:Creating metrics dataframe
2021-12-31 15:56:01,093:INFO:Uploading results into container
2021-12-31 15:56:01,093:INFO:Uploading model into container now
2021-12-31 15:56:01,093:INFO:create_model_container: 14
2021-12-31 15:56:01,094:INFO:master_model_container: 14
2021-12-31 15:56:01,094:INFO:display_container: 2
2021-12-31 15:56:01,094:INFO:DummyClassifier(constant=None, random_state=786, strategy='prior')
2021-12-31 15:56:01,094:INFO:create_model() succesfully completed......................................
2021-12-31 15:56:01,194:INFO:SubProcess create_model() end ==================================
2021-12-31 15:56:01,194:INFO:Creating metrics dataframe
2021-12-31 15:56:01,224:INFO:Initializing create_model()
2021-12-31 15:56:01,225:INFO:create_model(estimator=LogisticRegression(C=1.0, class_weight=None, dual=False, fit_intercept=True,
                   intercept_scaling=1, l1_ratio=None, max_iter=1000,
                   multi_class='auto', n_jobs=None, penalty='l2',
                   random_state=786, solver='lbfgs', tol=0.0001, verbose=0,
                   warm_start=False), fold=StratifiedKFold(n_splits=10, random_state=None, shuffle=False), round=4, cross_validation=False, predict=False, fit_kwargs={}, groups=None, refit=True, verbose=False, system=False, metrics=None, add_to_model_list=True, probability_threshold=None, display=None, kwargs={})
2021-12-31 15:56:01,225:INFO:Checking exceptions
2021-12-31 15:56:01,225:INFO:Importing libraries
2021-12-31 15:56:01,225:INFO:Copying training dataset
2021-12-31 15:56:01,225:INFO:Defining folds
2021-12-31 15:56:01,225:INFO:Declaring metric variables
2021-12-31 15:56:01,225:INFO:Importing untrained model
2021-12-31 15:56:01,225:INFO:Declaring custom model
2021-12-31 15:56:01,226:INFO:Logistic Regression Imported succesfully
2021-12-31 15:56:01,226:INFO:Cross validation set to False
2021-12-31 15:56:01,226:INFO:Fitting Model
2021-12-31 15:56:01,276:INFO:LogisticRegression(C=1.0, class_weight=None, dual=False, fit_intercept=True,
                   intercept_scaling=1, l1_ratio=None, max_iter=1000,
                   multi_class='auto', n_jobs=None, penalty='l2',
                   random_state=786, solver='lbfgs', tol=0.0001, verbose=0,
                   warm_start=False)
2021-12-31 15:56:01,276:INFO:create_models() succesfully completed......................................
2021-12-31 15:56:01,430:INFO:create_model_container: 14
2021-12-31 15:56:01,430:INFO:master_model_container: 14
2021-12-31 15:56:01,430:INFO:display_container: 2
2021-12-31 15:56:01,430:INFO:LogisticRegression(C=1.0, class_weight=None, dual=False, fit_intercept=True,
                   intercept_scaling=1, l1_ratio=None, max_iter=1000,
                   multi_class='auto', n_jobs=None, penalty='l2',
                   random_state=786, solver='lbfgs', tol=0.0001, verbose=0,
                   warm_start=False)
2021-12-31 15:56:01,430:INFO:compare_models() succesfully completed......................................
